<?xml version="1.0" encoding="UTF-8"?>
<!-- Generated by org.testng.reporters.JUnitReportReporter -->
<testsuite hostname="pop-os" failures="0" tests="2" name="tests.WdioDemoAppTests" time="9.210" errors="0" timestamp="2023-10-25T19:05:56 BRT" skipped="0">
  <testcase classname="tests.WdioDemoAppTests" name="succesfulSignUpTest" time="0.283"/>
  <testcase classname="tests.WdioDemoAppTests" name="bottomBarNavigationTest" time="8.927"/>
</testsuite> <!-- tests.WdioDemoAppTests -->
